--- Logging error ---
Traceback (most recent call last):
  File "c:\program files\python37\lib\logging\__init__.py", line 1037, in emit
    stream.write(msg + self.terminator)
UnicodeEncodeError: 'gbk' codec can't encode character '\u2022' in position 84: illegal multibyte sequence
Call stack:
  File "c:\program files\python37\lib\runpy.py", line 193, in _run_module_as_main
    "__main__", mod_spec)
  File "c:\program files\python37\lib\runpy.py", line 85, in _run_code
    exec(code, run_globals)
  File "C:\Program Files\Python37\Scripts\pytest.exe\__main__.py", line 9, in <module>
    sys.exit(console_main())
  File "c:\program files\python37\lib\site-packages\_pytest\config\__init__.py", line 185, in console_main
    code = main()
  File "c:\program files\python37\lib\site-packages\_pytest\config\__init__.py", line 163, in main
    config=config
  File "c:\program files\python37\lib\site-packages\pluggy\hooks.py", line 286, in __call__
    return self._hookexec(self, self.get_hookimpls(), kwargs)
  File "c:\program files\python37\lib\site-packages\pluggy\manager.py", line 93, in _hookexec
    return self._inner_hookexec(hook, methods, kwargs)
  File "c:\program files\python37\lib\site-packages\pluggy\manager.py", line 87, in <lambda>
    firstresult=hook.spec.opts.get("firstresult") if hook.spec else False,
  File "c:\program files\python37\lib\site-packages\pluggy\callers.py", line 187, in _multicall
    res = hook_impl.function(*args)
  File "c:\program files\python37\lib\site-packages\_pytest\main.py", line 316, in pytest_cmdline_main
    return wrap_session(config, _main)
  File "c:\program files\python37\lib\site-packages\_pytest\main.py", line 269, in wrap_session
    session.exitstatus = doit(config, session) or 0
  File "c:\program files\python37\lib\site-packages\_pytest\main.py", line 323, in _main
    config.hook.pytest_runtestloop(session=session)
  File "c:\program files\python37\lib\site-packages\pluggy\hooks.py", line 286, in __call__
    return self._hookexec(self, self.get_hookimpls(), kwargs)
  File "c:\program files\python37\lib\site-packages\pluggy\manager.py", line 93, in _hookexec
    return self._inner_hookexec(hook, methods, kwargs)
  File "c:\program files\python37\lib\site-packages\pluggy\manager.py", line 87, in <lambda>
    firstresult=hook.spec.opts.get("firstresult") if hook.spec else False,
  File "c:\program files\python37\lib\site-packages\pluggy\callers.py", line 187, in _multicall
    res = hook_impl.function(*args)
  File "c:\program files\python37\lib\site-packages\_pytest\main.py", line 348, in pytest_runtestloop
    item.config.hook.pytest_runtest_protocol(item=item, nextitem=nextitem)
  File "c:\program files\python37\lib\site-packages\pluggy\hooks.py", line 286, in __call__
    return self._hookexec(self, self.get_hookimpls(), kwargs)
  File "c:\program files\python37\lib\site-packages\pluggy\manager.py", line 93, in _hookexec
    return self._inner_hookexec(hook, methods, kwargs)
  File "c:\program files\python37\lib\site-packages\pluggy\manager.py", line 87, in <lambda>
    firstresult=hook.spec.opts.get("firstresult") if hook.spec else False,
  File "c:\program files\python37\lib\site-packages\pluggy\callers.py", line 187, in _multicall
    res = hook_impl.function(*args)
  File "c:\program files\python37\lib\site-packages\_pytest\runner.py", line 109, in pytest_runtest_protocol
    runtestprotocol(item, nextitem=nextitem)
  File "c:\program files\python37\lib\site-packages\_pytest\runner.py", line 126, in runtestprotocol
    reports.append(call_and_report(item, "call", log))
  File "c:\program files\python37\lib\site-packages\_pytest\runner.py", line 215, in call_and_report
    call = call_runtest_hook(item, when, **kwds)
  File "c:\program files\python37\lib\site-packages\_pytest\runner.py", line 255, in call_runtest_hook
    lambda: ihook(item=item, **kwds), when=when, reraise=reraise
  File "c:\program files\python37\lib\site-packages\_pytest\runner.py", line 311, in from_call
    result: Optional[TResult] = func()
  File "c:\program files\python37\lib\site-packages\_pytest\runner.py", line 255, in <lambda>
    lambda: ihook(item=item, **kwds), when=when, reraise=reraise
  File "c:\program files\python37\lib\site-packages\pluggy\hooks.py", line 286, in __call__
    return self._hookexec(self, self.get_hookimpls(), kwargs)
  File "c:\program files\python37\lib\site-packages\pluggy\manager.py", line 93, in _hookexec
    return self._inner_hookexec(hook, methods, kwargs)
  File "c:\program files\python37\lib\site-packages\pluggy\manager.py", line 87, in <lambda>
    firstresult=hook.spec.opts.get("firstresult") if hook.spec else False,
  File "c:\program files\python37\lib\site-packages\pluggy\callers.py", line 187, in _multicall
    res = hook_impl.function(*args)
  File "c:\program files\python37\lib\site-packages\_pytest\runner.py", line 162, in pytest_runtest_call
    item.runtest()
  File "c:\program files\python37\lib\site-packages\_pytest\python.py", line 1641, in runtest
    self.ihook.pytest_pyfunc_call(pyfuncitem=self)
  File "c:\program files\python37\lib\site-packages\pluggy\hooks.py", line 286, in __call__
    return self._hookexec(self, self.get_hookimpls(), kwargs)
  File "c:\program files\python37\lib\site-packages\pluggy\manager.py", line 93, in _hookexec
    return self._inner_hookexec(hook, methods, kwargs)
  File "c:\program files\python37\lib\site-packages\pluggy\manager.py", line 87, in <lambda>
    firstresult=hook.spec.opts.get("firstresult") if hook.spec else False,
  File "c:\program files\python37\lib\site-packages\pluggy\callers.py", line 187, in _multicall
    res = hook_impl.function(*args)
  File "c:\program files\python37\lib\site-packages\_pytest\python.py", line 183, in pytest_pyfunc_call
    result = testfunction(**testargs)
  File "E:\ReservationUITest\TestCases\test_home.py", line 24, in test_class_schedule_card
    assert ('燃脂 • 搏击 • LesMills' == HomePage(get_home_page).get_collection_store_curriculum_label_text())
  File "E:\ReservationUITest\PageObject\home_page.py", line 68, in get_collection_store_curriculum_label_text
    return self.get_text(loc=(MobileBy.XPATH, self.collection_store_curriculum_label), img_name='课表页')
  File "E:\ReservationUITest\Common\basepage.py", line 107, in get_text
    LogHandler(file=log_path).info(f'在{img_name}页面获取{loc}元素文本值')
Message: '在课表页页面获取(\'xpath\', "//*[text()=\'燃脂 • 搏击 • LesMills\']")元素文本值'
Arguments: ()
--- Logging error ---
Traceback (most recent call last):
  File "c:\program files\python37\lib\logging\__init__.py", line 1037, in emit
    stream.write(msg + self.terminator)
UnicodeEncodeError: 'gbk' codec can't encode character '\u2022' in position 83: illegal multibyte sequence
Call stack:
  File "c:\program files\python37\lib\runpy.py", line 193, in _run_module_as_main
    "__main__", mod_spec)
  File "c:\program files\python37\lib\runpy.py", line 85, in _run_code
    exec(code, run_globals)
  File "C:\Program Files\Python37\Scripts\pytest.exe\__main__.py", line 9, in <module>
    sys.exit(console_main())
  File "c:\program files\python37\lib\site-packages\_pytest\config\__init__.py", line 185, in console_main
    code = main()
  File "c:\program files\python37\lib\site-packages\_pytest\config\__init__.py", line 163, in main
    config=config
  File "c:\program files\python37\lib\site-packages\pluggy\hooks.py", line 286, in __call__
    return self._hookexec(self, self.get_hookimpls(), kwargs)
  File "c:\program files\python37\lib\site-packages\pluggy\manager.py", line 93, in _hookexec
    return self._inner_hookexec(hook, methods, kwargs)
  File "c:\program files\python37\lib\site-packages\pluggy\manager.py", line 87, in <lambda>
    firstresult=hook.spec.opts.get("firstresult") if hook.spec else False,
  File "c:\program files\python37\lib\site-packages\pluggy\callers.py", line 187, in _multicall
    res = hook_impl.function(*args)
  File "c:\program files\python37\lib\site-packages\_pytest\main.py", line 316, in pytest_cmdline_main
    return wrap_session(config, _main)
  File "c:\program files\python37\lib\site-packages\_pytest\main.py", line 269, in wrap_session
    session.exitstatus = doit(config, session) or 0
  File "c:\program files\python37\lib\site-packages\_pytest\main.py", line 323, in _main
    config.hook.pytest_runtestloop(session=session)
  File "c:\program files\python37\lib\site-packages\pluggy\hooks.py", line 286, in __call__
    return self._hookexec(self, self.get_hookimpls(), kwargs)
  File "c:\program files\python37\lib\site-packages\pluggy\manager.py", line 93, in _hookexec
    return self._inner_hookexec(hook, methods, kwargs)
  File "c:\program files\python37\lib\site-packages\pluggy\manager.py", line 87, in <lambda>
    firstresult=hook.spec.opts.get("firstresult") if hook.spec else False,
  File "c:\program files\python37\lib\site-packages\pluggy\callers.py", line 187, in _multicall
    res = hook_impl.function(*args)
  File "c:\program files\python37\lib\site-packages\_pytest\main.py", line 348, in pytest_runtestloop
    item.config.hook.pytest_runtest_protocol(item=item, nextitem=nextitem)
  File "c:\program files\python37\lib\site-packages\pluggy\hooks.py", line 286, in __call__
    return self._hookexec(self, self.get_hookimpls(), kwargs)
  File "c:\program files\python37\lib\site-packages\pluggy\manager.py", line 93, in _hookexec
    return self._inner_hookexec(hook, methods, kwargs)
  File "c:\program files\python37\lib\site-packages\pluggy\manager.py", line 87, in <lambda>
    firstresult=hook.spec.opts.get("firstresult") if hook.spec else False,
  File "c:\program files\python37\lib\site-packages\pluggy\callers.py", line 187, in _multicall
    res = hook_impl.function(*args)
  File "c:\program files\python37\lib\site-packages\_pytest\runner.py", line 109, in pytest_runtest_protocol
    runtestprotocol(item, nextitem=nextitem)
  File "c:\program files\python37\lib\site-packages\_pytest\runner.py", line 126, in runtestprotocol
    reports.append(call_and_report(item, "call", log))
  File "c:\program files\python37\lib\site-packages\_pytest\runner.py", line 215, in call_and_report
    call = call_runtest_hook(item, when, **kwds)
  File "c:\program files\python37\lib\site-packages\_pytest\runner.py", line 255, in call_runtest_hook
    lambda: ihook(item=item, **kwds), when=when, reraise=reraise
  File "c:\program files\python37\lib\site-packages\_pytest\runner.py", line 311, in from_call
    result: Optional[TResult] = func()
  File "c:\program files\python37\lib\site-packages\_pytest\runner.py", line 255, in <lambda>
    lambda: ihook(item=item, **kwds), when=when, reraise=reraise
  File "c:\program files\python37\lib\site-packages\pluggy\hooks.py", line 286, in __call__
    return self._hookexec(self, self.get_hookimpls(), kwargs)
  File "c:\program files\python37\lib\site-packages\pluggy\manager.py", line 93, in _hookexec
    return self._inner_hookexec(hook, methods, kwargs)
  File "c:\program files\python37\lib\site-packages\pluggy\manager.py", line 87, in <lambda>
    firstresult=hook.spec.opts.get("firstresult") if hook.spec else False,
  File "c:\program files\python37\lib\site-packages\pluggy\callers.py", line 187, in _multicall
    res = hook_impl.function(*args)
  File "c:\program files\python37\lib\site-packages\_pytest\runner.py", line 162, in pytest_runtest_call
    item.runtest()
  File "c:\program files\python37\lib\site-packages\_pytest\python.py", line 1641, in runtest
    self.ihook.pytest_pyfunc_call(pyfuncitem=self)
  File "c:\program files\python37\lib\site-packages\pluggy\hooks.py", line 286, in __call__
    return self._hookexec(self, self.get_hookimpls(), kwargs)
  File "c:\program files\python37\lib\site-packages\pluggy\manager.py", line 93, in _hookexec
    return self._inner_hookexec(hook, methods, kwargs)
  File "c:\program files\python37\lib\site-packages\pluggy\manager.py", line 87, in <lambda>
    firstresult=hook.spec.opts.get("firstresult") if hook.spec else False,
  File "c:\program files\python37\lib\site-packages\pluggy\callers.py", line 187, in _multicall
    res = hook_impl.function(*args)
  File "c:\program files\python37\lib\site-packages\_pytest\python.py", line 183, in pytest_pyfunc_call
    result = testfunction(**testargs)
  File "E:\ReservationUITest\TestCases\test_home.py", line 24, in test_class_schedule_card
    assert ('燃脂 • 搏击 • LesMills' == HomePage(get_home_page).get_collection_store_curriculum_label_text())
  File "E:\ReservationUITest\PageObject\home_page.py", line 68, in get_collection_store_curriculum_label_text
    return self.get_text(loc=(MobileBy.XPATH, self.collection_store_curriculum_label), img_name='课表页')
  File "E:\ReservationUITest\Common\basepage.py", line 108, in get_text
    self.wait_ele_visible(loc=loc, img_name=img_name, timeout=timeout, poll_fre=poll_fre)
  File "E:\ReservationUITest\Common\basepage.py", line 37, in wait_ele_visible
    LogHandler(file=log_path).info(f'在{img_name}页面等待{loc}元素')
Message: '在课表页页面等待(\'xpath\', "//*[text()=\'燃脂 • 搏击 • LesMills\']")元素'
Arguments: ()
--- Logging error ---
Traceback (most recent call last):
  File "c:\program files\python37\lib\logging\__init__.py", line 1037, in emit
    stream.write(msg + self.terminator)
UnicodeEncodeError: 'gbk' codec can't encode character '\u2022' in position 83: illegal multibyte sequence
Call stack:
  File "c:\program files\python37\lib\runpy.py", line 193, in _run_module_as_main
    "__main__", mod_spec)
  File "c:\program files\python37\lib\runpy.py", line 85, in _run_code
    exec(code, run_globals)
  File "C:\Program Files\Python37\Scripts\pytest.exe\__main__.py", line 9, in <module>
    sys.exit(console_main())
  File "c:\program files\python37\lib\site-packages\_pytest\config\__init__.py", line 185, in console_main
    code = main()
  File "c:\program files\python37\lib\site-packages\_pytest\config\__init__.py", line 163, in main
    config=config
  File "c:\program files\python37\lib\site-packages\pluggy\hooks.py", line 286, in __call__
    return self._hookexec(self, self.get_hookimpls(), kwargs)
  File "c:\program files\python37\lib\site-packages\pluggy\manager.py", line 93, in _hookexec
    return self._inner_hookexec(hook, methods, kwargs)
  File "c:\program files\python37\lib\site-packages\pluggy\manager.py", line 87, in <lambda>
    firstresult=hook.spec.opts.get("firstresult") if hook.spec else False,
  File "c:\program files\python37\lib\site-packages\pluggy\callers.py", line 187, in _multicall
    res = hook_impl.function(*args)
  File "c:\program files\python37\lib\site-packages\_pytest\main.py", line 316, in pytest_cmdline_main
    return wrap_session(config, _main)
  File "c:\program files\python37\lib\site-packages\_pytest\main.py", line 269, in wrap_session
    session.exitstatus = doit(config, session) or 0
  File "c:\program files\python37\lib\site-packages\_pytest\main.py", line 323, in _main
    config.hook.pytest_runtestloop(session=session)
  File "c:\program files\python37\lib\site-packages\pluggy\hooks.py", line 286, in __call__
    return self._hookexec(self, self.get_hookimpls(), kwargs)
  File "c:\program files\python37\lib\site-packages\pluggy\manager.py", line 93, in _hookexec
    return self._inner_hookexec(hook, methods, kwargs)
  File "c:\program files\python37\lib\site-packages\pluggy\manager.py", line 87, in <lambda>
    firstresult=hook.spec.opts.get("firstresult") if hook.spec else False,
  File "c:\program files\python37\lib\site-packages\pluggy\callers.py", line 187, in _multicall
    res = hook_impl.function(*args)
  File "c:\program files\python37\lib\site-packages\_pytest\main.py", line 348, in pytest_runtestloop
    item.config.hook.pytest_runtest_protocol(item=item, nextitem=nextitem)
  File "c:\program files\python37\lib\site-packages\pluggy\hooks.py", line 286, in __call__
    return self._hookexec(self, self.get_hookimpls(), kwargs)
  File "c:\program files\python37\lib\site-packages\pluggy\manager.py", line 93, in _hookexec
    return self._inner_hookexec(hook, methods, kwargs)
  File "c:\program files\python37\lib\site-packages\pluggy\manager.py", line 87, in <lambda>
    firstresult=hook.spec.opts.get("firstresult") if hook.spec else False,
  File "c:\program files\python37\lib\site-packages\pluggy\callers.py", line 187, in _multicall
    res = hook_impl.function(*args)
  File "c:\program files\python37\lib\site-packages\_pytest\runner.py", line 109, in pytest_runtest_protocol
    runtestprotocol(item, nextitem=nextitem)
  File "c:\program files\python37\lib\site-packages\_pytest\runner.py", line 126, in runtestprotocol
    reports.append(call_and_report(item, "call", log))
  File "c:\program files\python37\lib\site-packages\_pytest\runner.py", line 215, in call_and_report
    call = call_runtest_hook(item, when, **kwds)
  File "c:\program files\python37\lib\site-packages\_pytest\runner.py", line 255, in call_runtest_hook
    lambda: ihook(item=item, **kwds), when=when, reraise=reraise
  File "c:\program files\python37\lib\site-packages\_pytest\runner.py", line 311, in from_call
    result: Optional[TResult] = func()
  File "c:\program files\python37\lib\site-packages\_pytest\runner.py", line 255, in <lambda>
    lambda: ihook(item=item, **kwds), when=when, reraise=reraise
  File "c:\program files\python37\lib\site-packages\pluggy\hooks.py", line 286, in __call__
    return self._hookexec(self, self.get_hookimpls(), kwargs)
  File "c:\program files\python37\lib\site-packages\pluggy\manager.py", line 93, in _hookexec
    return self._inner_hookexec(hook, methods, kwargs)
  File "c:\program files\python37\lib\site-packages\pluggy\manager.py", line 87, in <lambda>
    firstresult=hook.spec.opts.get("firstresult") if hook.spec else False,
  File "c:\program files\python37\lib\site-packages\pluggy\callers.py", line 187, in _multicall
    res = hook_impl.function(*args)
  File "c:\program files\python37\lib\site-packages\_pytest\runner.py", line 162, in pytest_runtest_call
    item.runtest()
  File "c:\program files\python37\lib\site-packages\_pytest\python.py", line 1641, in runtest
    self.ihook.pytest_pyfunc_call(pyfuncitem=self)
  File "c:\program files\python37\lib\site-packages\pluggy\hooks.py", line 286, in __call__
    return self._hookexec(self, self.get_hookimpls(), kwargs)
  File "c:\program files\python37\lib\site-packages\pluggy\manager.py", line 93, in _hookexec
    return self._inner_hookexec(hook, methods, kwargs)
  File "c:\program files\python37\lib\site-packages\pluggy\manager.py", line 87, in <lambda>
    firstresult=hook.spec.opts.get("firstresult") if hook.spec else False,
  File "c:\program files\python37\lib\site-packages\pluggy\callers.py", line 187, in _multicall
    res = hook_impl.function(*args)
  File "c:\program files\python37\lib\site-packages\_pytest\python.py", line 183, in pytest_pyfunc_call
    result = testfunction(**testargs)
  File "E:\ReservationUITest\TestCases\test_home.py", line 24, in test_class_schedule_card
    assert ('燃脂 • 搏击 • LesMills' == HomePage(get_home_page).get_collection_store_curriculum_label_text())
  File "E:\ReservationUITest\PageObject\home_page.py", line 68, in get_collection_store_curriculum_label_text
    return self.get_text(loc=(MobileBy.XPATH, self.collection_store_curriculum_label), img_name='课表页')
  File "E:\ReservationUITest\Common\basepage.py", line 109, in get_text
    ele = self.get_ele(loc=loc, img_name=img_name)
  File "E:\ReservationUITest\Common\basepage.py", line 59, in get_ele
    LogHandler(file=log_path).info(f'在{img_name}页面查找{loc}元素')
Message: '在课表页页面查找(\'xpath\', "//*[text()=\'燃脂 • 搏击 • LesMills\']")元素'
Arguments: ()
